  CC  config.c
  CC  notify.c
  CC  bss.c
  CC  eap_register.c
  CC  ../src/utils/common.c
  CC  ../src/utils/wpa_debug.c
  CC  ../src/utils/wpabuf.c
  CC  ../src/utils/os_unix.c
  CC  ../src/utils/eloop.c
  CC  config_file.c
  CC  ../src/rsn_supp/wpa_ft.c
  CC  wnm_sta.c
  CC  ../src/rsn_supp/tdls.c
  CC  ../src/rsn_supp/wpa.c
  CC  ../src/rsn_supp/preauth.c
  CC  ../src/rsn_supp/pmksa_cache.c
  CC  ../src/rsn_supp/peerkey.c
  CC  ../src/rsn_supp/wpa_ie.c
  CC  ../src/common/wpa_common.c
  CC  p2p_supplicant.c
  CC  ../src/p2p/p2p.c
  CC  ../src/p2p/p2p_utils.c
  CC  ../src/p2p/p2p_parse.c
  CC  ../src/p2p/p2p_build.c
  CC  ../src/p2p/p2p_go_neg.c
  CC  ../src/p2p/p2p_sd.c
  CC  ../src/p2p/p2p_pd.c
  CC  ../src/p2p/p2p_invitation.c
  CC  ../src/p2p/p2p_dev_disc.c
  CC  ../src/p2p/p2p_group.c
  CC  ../src/ap/p2p_hostapd.c
  CC  ../src/utils/bitfield.c
  CC  wifi_display.c
  CC  hs20_supplicant.c
  CC  interworking.c
  CC  ../src/eap_peer/eap_tls.c
  CC  ../src/eap_peer/eap_peap.c
  CC  ../src/eap_common/eap_peap_common.c
  CC  ../src/eap_peer/eap_ttls.c
  CC  ../src/eap_peer/eap_md5.c
  CC  ../src/eap_peer/eap_mschapv2.c
  CC  ../src/eap_peer/mschapv2.c
  CC  ../src/eap_peer/eap_gtc.c
  CC  ../src/eap_peer/eap_otp.c
  CC  ../src/eap_peer/eap_sim.c
  CC  ../src/eap_peer/eap_leap.c
  CC  ../src/eap_peer/eap_aka.c
  CC  ../src/eap_common/eap_sim_common.c
  CC  ../src/eap_peer/eap_fast.c
  CC  ../src/eap_peer/eap_fast_pac.c
  CC  ../src/eap_common/eap_fast_common.c
  CC  ../src/eap_peer/eap_pwd.c
  CC  ../src/eap_common/eap_pwd_common.c
  CC  wps_supplicant.c
  CC  ../src/utils/uuid.c
  CC  ../src/eap_peer/eap_wsc.c
  CC  ../src/eap_common/eap_wsc_common.c
  CC  ../src/wps/wps.c
  CC  ../src/wps/wps_common.c
  CC  ../src/wps/wps_attr_parse.c
  CC  ../src/wps/wps_attr_build.c
  CC  ../src/wps/wps_attr_process.c
  CC  ../src/wps/wps_dev_attr.c
  CC  ../src/wps/wps_enrollee.c
  CC  ../src/wps/wps_registrar.c
  CC  ../src/wps/ndef.c
  CC  ../src/wps/wps_er.c
  CC  ../src/wps/wps_er_ssdp.c
  CC  ../src/wps/wps_upnp.c
  CC  ../src/wps/wps_upnp_ssdp.c
  CC  ../src/wps/wps_upnp_web.c
  CC  ../src/wps/wps_upnp_event.c
  CC  ../src/wps/wps_upnp_ap.c
  CC  ../src/wps/upnp_xml.c
  CC  ../src/wps/httpread.c
  CC  ../src/wps/http_client.c
  CC  ../src/wps/http_server.c
  CC  ../src/eapol_supp/eapol_supp_sm.c
  CC  ../src/eap_peer/eap.c
  CC  ../src/eap_peer/eap_methods.c
  CC  ap.c
  CC  ../src/ap/hostapd.c
  CC  ../src/ap/wpa_auth_glue.c
  CC  ../src/ap/utils.c
  CC  ../src/ap/authsrv.c
  CC  ../src/ap/ap_config.c
  CC  ../src/utils/ip_addr.c
  CC  ../src/ap/sta_info.c
  CC  ../src/ap/tkip_countermeasures.c
  CC  ../src/ap/ap_mlme.c
  CC  ../src/ap/ieee802_1x.c
  CC  ../src/eapol_auth/eapol_auth_sm.c
  CC  ../src/ap/ieee802_11_auth.c
  CC  ../src/ap/ieee802_11_shared.c
  CC  ../src/ap/drv_callbacks.c
  CC  ../src/ap/ap_drv_ops.c
  CC  ../src/ap/beacon.c
  CC  ../src/ap/eap_user_db.c
  CC  ../src/ap/ieee802_11_ht.c
  CC  ../src/ap/ieee802_11_vht.c
  CC  ../src/ap/wnm_ap.c
  CC  ../src/ap/ctrl_iface_ap.c
  CC  ../src/eap_server/eap_server.c
  CC  ../src/eap_server/eap_server_identity.c
  CC  ../src/eap_server/eap_server_methods.c
  CC  ../src/ap/wmm.c
  CC  ../src/ap/ap_list.c
  CC  ../src/ap/ieee802_11.c
  CC  ../src/ap/hw_features.c
  CC  ../src/ap/dfs.c
  CC  ../src/ap/wps_hostapd.c
  CC  ../src/eap_server/eap_server_wsc.c
  CC  ../src/ap/gas_serv.c
  CC  ../src/ap/hs20.c
  CC  ../src/ap/wpa_auth.c
  CC  ../src/ap/wpa_auth_ie.c
  CC  ../src/ap/pmksa_cache_auth.c
  CC  ../src/ap/wpa_auth_ft.c
  CC  ../src/ap/peerkey_auth.c
  CC  ../src/crypto/ms_funcs.c
  CC  ../src/eap_common/chap.c
  CC  ../src/eap_peer/eap_tls_common.c
  CC  ../src/crypto/tls_openssl.c
  CC  ../src/crypto/crypto_openssl.c
  CC  ../src/crypto/fips_prf_openssl.c
  CC  ../src/crypto/aes-unwrap.c
  CC  ../src/crypto/aes-omac1.c
  CC  ../src/crypto/aes-wrap.c
  CC  ../src/crypto/aes-cbc.c
  CC  ../src/crypto/md5.c
  CC  ../src/crypto/sha256-prf.c
  CC  ../src/crypto/dh_groups.c
  CC  ../src/crypto/random.c
  CC  ctrl_iface.c
  CC  ctrl_iface_unix.c
  CC  ../src/utils/base64.c
  CC  sme.c
  CC  ../src/common/ieee802_11_common.c
  CC  ../src/eap_common/eap_common.c
  CC  ../src/crypto/sha1-prf.c
  CC  ../src/crypto/sha1-tprf.c
  CC  ../src/crypto/sha1-tlsprf.c
  CC  ../src/common/gas.c
  CC  gas_query.c
  CC  offchannel.c
  CC  ../src/drivers/driver_common.c
  CC  wpa_supplicant.c
  CC  events.c
  CC  blacklist.c
  CC  wpas_glue.c
  CC  scan.c
  CC  main.c
../src/drivers/driver_nl80211.c:372:12: warning: ‘android_pno_start’ declared ‘static’ but never defined [-Wunused-function]
../src/drivers/driver_nl80211.c:374:12: warning: ‘android_pno_stop’ declared ‘static’ but never defined [-Wunused-function]
  CC  ../src/drivers/driver_nl80211.c
  CC  ../src/utils/radiotap.c
  CC  ../src/drivers/netlink.c
  CC  ../src/drivers/linux_ioctl.c
  CC  ../src/drivers/rfkill.c
  CC  ../src/drivers/drivers.c
  CC  ../src/l2_packet/l2_packet_linux.c
  LD  wpa_supplicant
  CC  wpa_cli.c
  CC  ../src/common/wpa_ctrl.c
  CC  ../src/utils/edit.c
  LD  wpa_cli
  CC  wpa_passphrase.c
  LD  wpa_passphrase
sed -e 's|\@BINDIR\@|/usr/local/sbin/|g' systemd/wpa_supplicant.service.in >systemd/wpa_supplicant.service
sed -e 's|\@BINDIR\@|/usr/local/sbin/|g' systemd/wpa_supplicant.service.arg.in >systemd/wpa_supplicant@.service
sed -e 's|\@BINDIR\@|/usr/local/sbin/|g' systemd/wpa_supplicant-nl80211.service.arg.in >systemd/wpa_supplicant-nl80211@.service
sed -e 's|\@BINDIR\@|/usr/local/sbin/|g' systemd/wpa_supplicant-wired.service.arg.in >systemd/wpa_supplicant-wired@.service
sed -e 's|\@BINDIR\@|/usr/local/sbin/|g' dbus/fi.epitest.hostap.WPASupplicant.service.in >dbus/fi.epitest.hostap.WPASupplicant.service
sed -e 's|\@BINDIR\@|/usr/local/sbin/|g' dbus/fi.w1.wpa_supplicant1.service.in >dbus/fi.w1.wpa_supplicant1.service
